[13:59:00] [main/DEBUG] [FML/]: Injecting tracing printstreams for STDOUT/STDERR.
[13:59:00] [main/INFO] [FML/]: Forge Mod Loader version 7.99.40.1614 for Minecraft 1.7.10 loading
[13:59:00] [main/INFO] [FML/]: Java is Java HotSpot(TM) 64-Bit Server VM, version 1.8.0_191, running on Windows 10:amd64:10.0, installed at C:\Program Files\Java\jre1.8.0_191
[13:59:00] [main/DEBUG] [FML/]: Java classpath at launch is /C:/Kojima/Onad/DarkBlueMoon/Client-DarkBlueMoon/1.7.10-forge/启动器.exe
[13:59:00] [main/DEBUG] [FML/]: Java library path at launch is C:\Kojima\Onad\DarkBlueMoon\Client-DarkBlueMoon\1.7.10-forge\.minecraft\versions\1.7.10-Forge10.13.4.1614-1.7.10\1.7.10-Forge10.13.4.1614-1.7.10-natives
[13:59:00] [main/DEBUG] [FML/]: Enabling runtime deobfuscation
[13:59:00] [main/DEBUG] [FML/]: Instantiating coremod class FMLCorePlugin
[13:59:00] [main/DEBUG] [FML/]: Added access transformer class cpw.mods.fml.common.asm.transformers.AccessTransformer to enqueued access transformers
[13:59:00] [main/DEBUG] [FML/]: Enqueued coremod FMLCorePlugin
[13:59:00] [main/DEBUG] [FML/]: Instantiating coremod class FMLForgePlugin
[13:59:00] [main/DEBUG] [FML/]: Added access transformer class net.minecraftforge.transformers.ForgeAccessTransformer to enqueued access transformers
[13:59:00] [main/DEBUG] [FML/]: Enqueued coremod FMLForgePlugin
[13:59:00] [main/DEBUG] [FML/]: All fundamental core mods are successfully located
[13:59:00] [main/DEBUG] [FML/]: Attempting to load commandline specified mods, relative to C:\Kojima\Onad\DarkBlueMoon\Client-DarkBlueMoon\1.7.10-forge\.minecraft
[13:59:00] [main/DEBUG] [FML/]: Discovering coremods
[13:59:00] [main/DEBUG] [FML/]: Examining for coremod candidacy [ICraft]Reis小地图.jar
[13:59:00] [main/DEBUG] [FML/]: Not found coremod data in [ICraft]Reis小地图.jar
[13:59:00] [main/DEBUG] [FML/]: Examining for coremod candidacy BloodMagic-1.7.10-1.3.3-17.jar
[13:59:00] [main/DEBUG] [FML/]: Not found coremod data in BloodMagic-1.7.10-1.3.3-17.jar
[13:59:00] [main/DEBUG] [FML/]: Examining for coremod candidacy Thaumcraft-1.7.10-4.2.3.5.jar
[13:59:00] [main/TRACE] [FML/]: Found FMLCorePluginContainsFMLMod marker in Thaumcraft-1.7.10-4.2.3.5.jar, it will be examined later for regular @Mod instances
[13:59:00] [main/DEBUG] [FML/]: Instantiating coremod class DepLoader
[13:59:00] [main/WARN] [FML/]: The coremod thaumcraft.codechicken.core.launch.DepLoader does not have a MCVersion annotation, it may cause issues with this version of Minecraft
[13:59:00] [main/DEBUG] [FML/]: Enqueued coremod DepLoader
[13:59:00] [main/INFO] [LaunchWrapper/]: Loading tweak class name cpw.mods.fml.common.launcher.FMLInjectionAndSortingTweaker
[13:59:00] [main/INFO] [LaunchWrapper/]: Loading tweak class name cpw.mods.fml.common.launcher.FMLDeobfTweaker
[13:59:00] [main/INFO] [LaunchWrapper/]: Calling tweak class cpw.mods.fml.common.launcher.FMLInjectionAndSortingTweaker
[13:59:00] [main/INFO] [LaunchWrapper/]: Calling tweak class cpw.mods.fml.common.launcher.FMLInjectionAndSortingTweaker
[13:59:00] [main/INFO] [LaunchWrapper/]: Calling tweak class cpw.mods.fml.relauncher.CoreModManager$FMLPluginWrapper
[13:59:00] [main/DEBUG] [FML/]: Injecting coremod FMLCorePlugin {cpw.mods.fml.relauncher.FMLCorePlugin} class transformers
[13:59:00] [main/TRACE] [FML/]: Registering transformer cpw.mods.fml.common.asm.transformers.MarkerTransformer
[13:59:00] [main/TRACE] [FML/]: Registering transformer cpw.mods.fml.common.asm.transformers.SideTransformer
[13:59:00] [main/TRACE] [FML/]: Registering transformer cpw.mods.fml.common.asm.transformers.EventSubscriptionTransformer
[13:59:00] [main/DEBUG] [FML/]: Injection complete
[13:59:00] [main/DEBUG] [FML/]: Running coremod plugin for FMLCorePlugin {cpw.mods.fml.relauncher.FMLCorePlugin}
[13:59:00] [main/DEBUG] [FML/]: Running coremod plugin FMLCorePlugin
[13:59:01] [main/DEBUG] [FML/]: Read 527 binary patches
[13:59:02] [main/INFO] [FML/]: Found valid fingerprint for Minecraft Forge. Certificate fingerprint e3c3d50c7c986df74c645c0ac54639741c90a557
[13:59:02] [main/INFO] [FML/]: Found valid fingerprint for Minecraft. Certificate fingerprint cd99959656f753dc28d863b46769f7f8fbaefcfc
[13:59:02] [main/DEBUG] [FML/]: Coremod plugin class FMLCorePlugin run successfully
[13:59:02] [main/INFO] [LaunchWrapper/]: Calling tweak class cpw.mods.fml.relauncher.CoreModManager$FMLPluginWrapper
[13:59:02] [main/DEBUG] [FML/]: Injecting coremod FMLForgePlugin {net.minecraftforge.classloading.FMLForgePlugin} class transformers
[13:59:02] [main/TRACE] [FML/]: Registering transformer net.minecraftforge.classloading.FluidIdTransformer
[13:59:02] [main/DEBUG] [FML/]: Injection complete
[13:59:02] [main/DEBUG] [FML/]: Running coremod plugin for FMLForgePlugin {net.minecraftforge.classloading.FMLForgePlugin}
[13:59:02] [main/DEBUG] [FML/]: Running coremod plugin FMLForgePlugin
[13:59:02] [main/DEBUG] [FML/]: Coremod plugin class FMLForgePlugin run successfully
[13:59:02] [main/INFO] [LaunchWrapper/]: Calling tweak class cpw.mods.fml.relauncher.CoreModManager$FMLPluginWrapper
[13:59:02] [main/DEBUG] [FML/]: Injecting coremod DepLoader {thaumcraft.codechicken.core.launch.DepLoader} class transformers
[13:59:02] [main/DEBUG] [FML/]: Injection complete
[13:59:02] [main/DEBUG] [FML/]: Running coremod plugin for DepLoader {thaumcraft.codechicken.core.launch.DepLoader}
[13:59:02] [main/DEBUG] [FML/]: Running coremod plugin DepLoader
[13:59:11] [main/ERROR] [LaunchWrapper/]: Unable to launch
java.lang.RuntimeException: java.lang.RuntimeException: A download error occured
	at cpw.mods.fml.relauncher.CoreModManager$FMLPluginWrapper.injectIntoClassLoader(CoreModManager.java:137) ~[forge-1.7.10-10.13.4.1614-1.7.10.jar:?]
	at net.minecraft.launchwrapper.Launch.launch(Launch.java:115) [launchwrapper-1.12.jar:?]
	at net.minecraft.launchwrapper.Launch.main(Launch.java:28) [launchwrapper-1.12.jar:?]
	at sun.reflect.NativeMethodAccessorImpl.invoke0(Native Method) ~[?:1.8.0_191]
	at sun.reflect.NativeMethodAccessorImpl.invoke(Unknown Source) ~[?:1.8.0_191]
	at sun.reflect.DelegatingMethodAccessorImpl.invoke(Unknown Source) ~[?:1.8.0_191]
	at java.lang.reflect.Method.invoke(Unknown Source) ~[?:1.8.0_191]
	at org.jackhuang.hellominecraft.launcher.Launcher.main(Launcher.java:112) [%e5%90%af%e5%8a%a8%e5%99%a8.exe:?]
Caused by: java.lang.RuntimeException: A download error occured
	at thaumcraft.codechicken.core.launch.DepLoader$DepLoadInst.download(DepLoader.java:377) ~[Thaumcraft-1.7.10-4.2.3.5.jar:?]
	at thaumcraft.codechicken.core.launch.DepLoader$DepLoadInst.load(DepLoader.java:506) ~[Thaumcraft-1.7.10-4.2.3.5.jar:?]
	at thaumcraft.codechicken.core.launch.DepLoader$DepLoadInst.loadDeps(DepLoader.java:492) ~[Thaumcraft-1.7.10-4.2.3.5.jar:?]
	at thaumcraft.codechicken.core.launch.DepLoader$DepLoadInst.load(DepLoader.java:475) ~[Thaumcraft-1.7.10-4.2.3.5.jar:?]
	at thaumcraft.codechicken.core.launch.DepLoader.load(DepLoader.java:631) ~[Thaumcraft-1.7.10-4.2.3.5.jar:?]
	at thaumcraft.codechicken.core.launch.DepLoader.call(DepLoader.java:656) ~[Thaumcraft-1.7.10-4.2.3.5.jar:?]
	at thaumcraft.codechicken.core.launch.DepLoader.call(DepLoader.java:65) ~[Thaumcraft-1.7.10-4.2.3.5.jar:?]
	at cpw.mods.fml.relauncher.CoreModManager$FMLPluginWrapper.injectIntoClassLoader(CoreModManager.java:133) ~[forge-1.7.10-10.13.4.1614-1.7.10.jar:?]
	... 7 more
Caused by: java.io.FileNotFoundException: https://dl.dropboxusercontent.com/u/47135879//Baubles-1.7.10-1.0.1.10.jar
	at sun.reflect.NativeConstructorAccessorImpl.newInstance0(Native Method) ~[?:1.8.0_191]
	at sun.reflect.NativeConstructorAccessorImpl.newInstance(Unknown Source) ~[?:1.8.0_191]
	at sun.reflect.DelegatingConstructorAccessorImpl.newInstance(Unknown Source) ~[?:1.8.0_191]
	at java.lang.reflect.Constructor.newInstance(Unknown Source) ~[?:1.8.0_191]
	at sun.net.www.protocol.http.HttpURLConnection$10.run(Unknown Source) ~[?:1.8.0_191]
	at sun.net.www.protocol.http.HttpURLConnection$10.run(Unknown Source) ~[?:1.8.0_191]
	at java.security.AccessController.doPrivileged(Native Method) ~[?:1.8.0_191]
	at sun.net.www.protocol.http.HttpURLConnection.getChainedException(Unknown Source) ~[?:1.8.0_191]
	at sun.net.www.protocol.http.HttpURLConnection.getInputStream0(Unknown Source) ~[?:1.8.0_191]
	at sun.net.www.protocol.http.HttpURLConnection.access$200(Unknown Source) ~[?:1.8.0_191]
	at sun.net.www.protocol.http.HttpURLConnection$9.run(Unknown Source) ~[?:1.8.0_191]
	at sun.net.www.protocol.http.HttpURLConnection$9.run(Unknown Source) ~[?:1.8.0_191]
	at java.security.AccessController.doPrivileged(Native Method) ~[?:1.8.0_191]
	at java.security.AccessController.doPrivilegedWithCombiner(Unknown Source) ~[?:1.8.0_191]
	at sun.net.www.protocol.http.HttpURLConnection.getInputStream(Unknown Source) ~[?:1.8.0_191]
	at sun.net.www.protocol.https.HttpsURLConnectionImpl.getInputStream(Unknown Source) ~[?:1.8.0_191]
	at thaumcraft.codechicken.core.launch.DepLoader$DepLoadInst.download(DepLoader.java:364) ~[Thaumcraft-1.7.10-4.2.3.5.jar:?]
	at thaumcraft.codechicken.core.launch.DepLoader$DepLoadInst.load(DepLoader.java:506) ~[Thaumcraft-1.7.10-4.2.3.5.jar:?]
	at thaumcraft.codechicken.core.launch.DepLoader$DepLoadInst.loadDeps(DepLoader.java:492) ~[Thaumcraft-1.7.10-4.2.3.5.jar:?]
	at thaumcraft.codechicken.core.launch.DepLoader$DepLoadInst.load(DepLoader.java:475) ~[Thaumcraft-1.7.10-4.2.3.5.jar:?]
	at thaumcraft.codechicken.core.launch.DepLoader.load(DepLoader.java:631) ~[Thaumcraft-1.7.10-4.2.3.5.jar:?]
	at thaumcraft.codechicken.core.launch.DepLoader.call(DepLoader.java:656) ~[Thaumcraft-1.7.10-4.2.3.5.jar:?]
	at thaumcraft.codechicken.core.launch.DepLoader.call(DepLoader.java:65) ~[Thaumcraft-1.7.10-4.2.3.5.jar:?]
	at cpw.mods.fml.relauncher.CoreModManager$FMLPluginWrapper.injectIntoClassLoader(CoreModManager.java:133) ~[forge-1.7.10-10.13.4.1614-1.7.10.jar:?]
	... 7 more
Caused by: java.io.FileNotFoundException: https://dl.dropboxusercontent.com/u/47135879//Baubles-1.7.10-1.0.1.10.jar
	at sun.net.www.protocol.http.HttpURLConnection.getInputStream0(Unknown Source) ~[?:1.8.0_191]
	at sun.net.www.protocol.http.HttpURLConnection.access$200(Unknown Source) ~[?:1.8.0_191]
	at sun.net.www.protocol.http.HttpURLConnection$9.run(Unknown Source) ~[?:1.8.0_191]
	at sun.net.www.protocol.http.HttpURLConnection$9.run(Unknown Source) ~[?:1.8.0_191]
	at java.security.AccessController.doPrivileged(Native Method) ~[?:1.8.0_191]
	at java.security.AccessController.doPrivilegedWithCombiner(Unknown Source) ~[?:1.8.0_191]
	at sun.net.www.protocol.http.HttpURLConnection.getInputStream(Unknown Source) ~[?:1.8.0_191]
	at sun.net.www.protocol.http.HttpURLConnection.getHeaderField(Unknown Source) ~[?:1.8.0_191]
	at java.net.URLConnection.getHeaderFieldLong(Unknown Source) ~[?:1.8.0_191]
	at java.net.URLConnection.getContentLengthLong(Unknown Source) ~[?:1.8.0_191]
	at java.net.URLConnection.getContentLength(Unknown Source) ~[?:1.8.0_191]
	at sun.net.www.protocol.https.HttpsURLConnectionImpl.getContentLength(Unknown Source) ~[?:1.8.0_191]
	at thaumcraft.codechicken.core.launch.DepLoader$DepLoadInst.download(DepLoader.java:363) ~[Thaumcraft-1.7.10-4.2.3.5.jar:?]
	at thaumcraft.codechicken.core.launch.DepLoader$DepLoadInst.load(DepLoader.java:506) ~[Thaumcraft-1.7.10-4.2.3.5.jar:?]
	at thaumcraft.codechicken.core.launch.DepLoader$DepLoadInst.loadDeps(DepLoader.java:492) ~[Thaumcraft-1.7.10-4.2.3.5.jar:?]
	at thaumcraft.codechicken.core.launch.DepLoader$DepLoadInst.load(DepLoader.java:475) ~[Thaumcraft-1.7.10-4.2.3.5.jar:?]
	at thaumcraft.codechicken.core.launch.DepLoader.load(DepLoader.java:631) ~[Thaumcraft-1.7.10-4.2.3.5.jar:?]
	at thaumcraft.codechicken.core.launch.DepLoader.call(DepLoader.java:656) ~[Thaumcraft-1.7.10-4.2.3.5.jar:?]
	at thaumcraft.codechicken.core.launch.DepLoader.call(DepLoader.java:65) ~[Thaumcraft-1.7.10-4.2.3.5.jar:?]
	at cpw.mods.fml.relauncher.CoreModManager$FMLPluginWrapper.injectIntoClassLoader(CoreModManager.java:133) ~[forge-1.7.10-10.13.4.1614-1.7.10.jar:?]
	... 7 more
[13:59:11] [main/INFO] [STDERR/]: [org.jackhuang.hellominecraft.launcher.Launcher:main:115]: Minecraft has crashed!
[13:59:11] [main/INFO] [STDERR/]: [org.jackhuang.hellominecraft.launcher.Launcher:main:116]: Maybe mods caused problems.
[13:59:11] [main/INFO] [STDERR/]: [org.jackhuang.hellominecraft.launcher.Launcher:main:117]: java.lang.reflect.InvocationTargetException
	at sun.reflect.NativeMethodAccessorImpl.invoke0(Native Method)
	at sun.reflect.NativeMethodAccessorImpl.invoke(Unknown Source)
	at sun.reflect.DelegatingMethodAccessorImpl.invoke(Unknown Source)
	at java.lang.reflect.Method.invoke(Unknown Source)
	at org.jackhuang.hellominecraft.launcher.Launcher.main(Launcher.java:112)
Caused by: cpw.mods.fml.relauncher.FMLSecurityManager$ExitTrappedException
	at cpw.mods.fml.relauncher.FMLSecurityManager.checkPermission(FMLSecurityManager.java:25)
	at java.lang.SecurityManager.checkExit(Unknown Source)
	at java.lang.Runtime.exit(Unknown Source)
	at java.lang.System.exit(Unknown Source)
	at net.minecraft.launchwrapper.Launch.launch(Launch.java:138)
	at net.minecraft.launchwrapper.Launch.main(Launch.java:28)
	... 5 more

